#
# There is insufficient memory for the Java Runtime Environment to continue.
# Native memory allocation (mmap) failed to map 65536 bytes for Failed to commit metaspace.
# Possible reasons:
#   The system is out of physical RAM or swap space
#   The process is running with CompressedOops enabled, and the Java Heap may be blocking the growth of the native heap
# Possible solutions:
#   Reduce memory load on the system
#   Increase physical memory or swap space
#   Check if swap backing store is full
#   Decrease Java heap size (-Xmx/-Xms)
#   Decrease number of Java threads
#   Decrease Java thread stack sizes (-Xss)
#   Set larger code cache with -XX:ReservedCodeCacheSize=
#   JVM is running with Unscaled Compressed Oops mode in which the Java heap is
#     placed in the first 4GB address space. The Java Heap base address is the
#     maximum limit for the native heap growth. Please use -XX:HeapBaseMinAddress
#     to set the Java Heap base and to place the Java Heap above 4GB virtual address.
# This output file may be truncated or incomplete.
#
#  Out of Memory Error (virtualSpaceNode.cpp:110), pid=14420, tid=23208
#
# JRE version: OpenJDK Runtime Environment JBR-17.0.7+7-1000.2-jcef (17.0.7+7) (build 17.0.7+7-b1000.2)
# Java VM: OpenJDK 64-Bit Server VM JBR-17.0.7+7-1000.2-jcef (17.0.7+7-b1000.2, mixed mode, emulated-client, tiered, compressed oops, compressed class ptrs, g1 gc, windows-amd64)
# No core dump will be written. Minidumps are not enabled by default on client versions of Windows
#

---------------  S U M M A R Y ------------

Command Line: -agentlib:jdwp=transport=dt_socket,address=127.0.0.1:63918,suspend=y,server=n -XX:TieredStopAtLevel=1 -Dspring.output.ansi.enabled=always -Dcom.sun.management.jmxremote -Dspring.jmx.enabled=true -Dspring.liveBeansView.mbeanDomain -Dspring.application.admin.enabled=true -Dmanagement.endpoints.jmx.exposure.include=* -javaagent:C:\Users\JUNEDR~1\AppData\Local\Temp\captureAgent1jars\debugger-agent.jar -Dfile.encoding=UTF-8 com.springproject.blog.BlogAppApisApplication

Host: Intel(R) Core(TM) i7-10510U CPU @ 1.80GHz, 8 cores, 7G,  Windows 11 , 64 bit Build 22621 (10.0.22621.2428)
Time: Fri Nov 17 20:10:57 2023 India Standard Time elapsed time: 1.102080 seconds (0d 0h 0m 1s)

---------------  T H R E A D  ---------------

Current thread (0x00000299194c79b0):  JavaThread "main" [_thread_in_vm, id=23208, stack(0x000000b0ac000000,0x000000b0ac100000)]

Stack: [0x000000b0ac000000,0x000000b0ac100000]
Native frames: (J=compiled Java code, j=interpreted, Vv=VM code, C=native code)
V  [jvm.dll+0x683b4a]
V  [jvm.dll+0x843004]
V  [jvm.dll+0x84491e]
V  [jvm.dll+0x844f83]
V  [jvm.dll+0x24ad2f]
V  [jvm.dll+0x83e38b]
V  [jvm.dll+0x628146]
V  [jvm.dll+0x1c29ee]
V  [jvm.dll+0x62aa91]
V  [jvm.dll+0x628ae6]
V  [jvm.dll+0x6329b7]
V  [jvm.dll+0x1eea7b]
V  [jvm.dll+0x1eefb5]
V  [jvm.dll+0x1ef8d4]
V  [jvm.dll+0x1e4e1c]
V  [jvm.dll+0x54a13d]
V  [jvm.dll+0x7bd6a5]
V  [jvm.dll+0x7bd7be]
V  [jvm.dll+0x4139ea]
V  [jvm.dll+0x419b69]
C  [java.dll+0x17ec]

Java frames: (J=compiled Java code, j=interpreted, Vv=VM code)
j  java.lang.ClassLoader.defineClass1(Ljava/lang/ClassLoader;Ljava/lang/String;[BIILjava/security/ProtectionDomain;Ljava/lang/String;)Ljava/lang/Class;+0 java.base@17.0.7
j  java.lang.ClassLoader.defineClass(Ljava/lang/String;[BIILjava/security/ProtectionDomain;)Ljava/lang/Class;+27 java.base@17.0.7
j  java.security.SecureClassLoader.defineClass(Ljava/lang/String;[BIILjava/security/CodeSource;)Ljava/lang/Class;+12 java.base@17.0.7
j  jdk.internal.loader.BuiltinClassLoader.defineClass(Ljava/lang/String;Ljdk/internal/loader/Resource;)Ljava/lang/Class;+117 java.base@17.0.7
j  jdk.internal.loader.BuiltinClassLoader.findClassOnClassPathOrNull(Ljava/lang/String;)Ljava/lang/Class;+37 java.base@17.0.7
J 951 c1 jdk.internal.loader.BuiltinClassLoader.loadClassOrNull(Ljava/lang/String;Z)Ljava/lang/Class; java.base@17.0.7 (143 bytes) @ 0x000002991d36341c [0x000002991d362f80+0x000000000000049c]
j  jdk.internal.loader.BuiltinClassLoader.loadClass(Ljava/lang/String;Z)Ljava/lang/Class;+3 java.base@17.0.7
j  jdk.internal.loader.ClassLoaders$AppClassLoader.loadClass(Ljava/lang/String;Z)Ljava/lang/Class;+36 java.base@17.0.7
j  java.lang.ClassLoader.loadClass(Ljava/lang/String;)Ljava/lang/Class;+3 java.base@17.0.7
v  ~StubRoutines::call_stub
j  org.springframework.core.annotation.AnnotationAwareOrderComparator.findOrderFromAnnotation(Ljava/lang/Object;)Ljava/lang/Integer;+25
j  org.springframework.core.annotation.AnnotationAwareOrderComparator.findOrder(Ljava/lang/Object;)Ljava/lang/Integer;+14
j  org.springframework.core.OrderComparator.getOrder(Ljava/lang/Object;)I+6
j  org.springframework.core.OrderComparator.getOrder(Ljava/lang/Object;Lorg/springframework/core/OrderComparator$OrderSourceProvider;)I+107
j  org.springframework.core.OrderComparator.doCompare(Ljava/lang/Object;Ljava/lang/Object;Lorg/springframework/core/OrderComparator$OrderSourceProvider;)I+39
j  org.springframework.core.OrderComparator.compare(Ljava/lang/Object;Ljava/lang/Object;)I+4
j  java.util.TimSort.countRunAndMakeAscending([Ljava/lang/Object;IILjava/util/Comparator;)I+43 java.base@17.0.7
j  java.util.TimSort.sort([Ljava/lang/Object;IILjava/util/Comparator;[Ljava/lang/Object;II)V+60 java.base@17.0.7
j  java.util.Arrays.sort([Ljava/lang/Object;IILjava/util/Comparator;)V+43 java.base@17.0.7
j  java.util.ArrayList.sort(Ljava/util/Comparator;)V+15 java.base@17.0.7
j  org.springframework.core.annotation.AnnotationAwareOrderComparator.sort(Ljava/util/List;)V+14
j  org.springframework.core.io.support.SpringFactoriesLoader.load(Ljava/lang/Class;Lorg/springframework/core/io/support/SpringFactoriesLoader$ArgumentResolver;Lorg/springframework/core/io/support/SpringFactoriesLoader$FailureHandler;)Ljava/util/List;+124
j  org.springframework.core.io.support.SpringFactoriesLoader.load(Ljava/lang/Class;Lorg/springframework/core/io/support/SpringFactoriesLoader$ArgumentResolver;)Ljava/util/List;+4
j  org.springframework.boot.SpringApplication.getSpringFactoriesInstances(Ljava/lang/Class;Lorg/springframework/core/io/support/SpringFactoriesLoader$ArgumentResolver;)Ljava/util/List;+9
j  org.springframework.boot.SpringApplication.getSpringFactoriesInstances(Ljava/lang/Class;)Ljava/util/List;+3
j  org.springframework.boot.SpringApplication.<init>(Lorg/springframework/core/io/ResourceLoader;[Ljava/lang/Class;)V+132
j  org.springframework.boot.SpringApplication.<init>([Ljava/lang/Class;)V+3
j  org.springframework.boot.SpringApplication.run([Ljava/lang/Class;[Ljava/lang/String;)Lorg/springframework/context/ConfigurableApplicationContext;+5
j  org.springframework.boot.SpringApplication.run(Ljava/lang/Class;[Ljava/lang/String;)Lorg/springframework/context/ConfigurableApplicationContext;+9
j  com.springproject.blog.BlogAppApisApplication.main([Ljava/lang/String;)V+3
v  ~StubRoutines::call_stub

---------------  P R O C E S S  ---------------

Threads class SMR info:
_java_thread_list=0x000002992c49fef0, length=16, elements={
0x00000299194c79b0, 0x0000029927700c70, 0x00000299277019f0, 0x0000029927708460,
0x0000029927708e20, 0x00000299277096e0, 0x000002992786f020, 0x00000299278779a0,
0x000002992787b7a0, 0x00000299279e65a0, 0x0000029927a1d010, 0x0000029927a612a0,
0x0000029927a658d0, 0x0000029927a74190, 0x0000029927a8d970, 0x000002992c476ae0
}

Java Threads: ( => current thread )
=>0x00000299194c79b0 JavaThread "main" [_thread_in_vm, id=23208, stack(0x000000b0ac000000,0x000000b0ac100000)]
  0x0000029927700c70 JavaThread "Reference Handler" daemon [_thread_blocked, id=25676, stack(0x000000b0ac700000,0x000000b0ac800000)]
  0x00000299277019f0 JavaThread "Finalizer" daemon [_thread_blocked, id=3660, stack(0x000000b0ac800000,0x000000b0ac900000)]
  0x0000029927708460 JavaThread "Signal Dispatcher" daemon [_thread_blocked, id=11536, stack(0x000000b0ac900000,0x000000b0aca00000)]
  0x0000029927708e20 JavaThread "Attach Listener" daemon [_thread_in_vm, id=15680, stack(0x000000b0aca00000,0x000000b0acb00000)]
  0x00000299277096e0 JavaThread "Service Thread" daemon [_thread_blocked, id=24400, stack(0x000000b0acb00000,0x000000b0acc00000)]
  0x000002992786f020 JavaThread "Monitor Deflation Thread" daemon [_thread_blocked, id=16092, stack(0x000000b0acc00000,0x000000b0acd00000)]
  0x00000299278779a0 JavaThread "C1 CompilerThread0" daemon [_thread_blocked, id=14972, stack(0x000000b0acd00000,0x000000b0ace00000)]
  0x000002992787b7a0 JavaThread "Sweeper thread" daemon [_thread_blocked, id=12488, stack(0x000000b0ace00000,0x000000b0acf00000)]
  0x00000299279e65a0 JavaThread "Common-Cleaner" daemon [_thread_blocked, id=8444, stack(0x000000b0acf00000,0x000000b0ad000000)]
  0x0000029927a1d010 JavaThread "C1 CompilerThread1" daemon [_thread_blocked, id=18588, stack(0x000000b0ad000000,0x000000b0ad100000)]
  0x0000029927a612a0 JavaThread "JDWP Transport Listener: dt_socket" daemon [_thread_blocked, id=14416, stack(0x000000b0ad100000,0x000000b0ad200000)]
  0x0000029927a658d0 JavaThread "JDWP Event Helper Thread" daemon [_thread_blocked, id=6028, stack(0x000000b0ad200000,0x000000b0ad300000)]
  0x0000029927a74190 JavaThread "JDWP Command Reader" daemon [_thread_in_native, id=608, stack(0x000000b0ad300000,0x000000b0ad400000)]
  0x0000029927a8d970 JavaThread "Notification Thread" daemon [_thread_blocked, id=24796, stack(0x000000b0ad400000,0x000000b0ad500000)]
  0x000002992c476ae0 JavaThread "RMI TCP Accept-0" daemon [_thread_in_native, id=3108, stack(0x000000b0ad500000,0x000000b0ad600000)]

Other Threads:
  0x00000299276fd150 VMThread "VM Thread" [stack: 0x000000b0ac600000,0x000000b0ac700000] [id=7412]
  0x00000299194c9740 WatcherThread [stack: 0x000000b0ad600000,0x000000b0ad700000] [id=5856]
  0x0000029919526fd0 GCTaskThread "GC Thread#0" [stack: 0x000000b0ac100000,0x000000b0ac200000] [id=1064]
  0x000002992c7f2880 GCTaskThread "GC Thread#1" [stack: 0x000000b0ad700000,0x000000b0ad800000] [id=25992]
  0x000002992c7feb60 GCTaskThread "GC Thread#2" [stack: 0x000000b0ad800000,0x000000b0ad900000] [id=10220]
  0x000002992cb4a9d0 GCTaskThread "GC Thread#3" [stack: 0x000000b0ad900000,0x000000b0ada00000] [id=13652]
  0x000002992cb4b490 GCTaskThread "GC Thread#4" [stack: 0x000000b0ada00000,0x000000b0adb00000] [id=22272]
  0x000002992cb4bf50 GCTaskThread "GC Thread#5" [stack: 0x000000b0adb00000,0x000000b0adc00000] [id=1420]
  0x000002992cb4c200 GCTaskThread "GC Thread#6" [stack: 0x000000b0adc00000,0x000000b0add00000] [id=25500]
  0x000002992cb4c4b0 GCTaskThread "GC Thread#7" [stack: 0x000000b0add00000,0x000000b0ade00000] [id=21768]
  0x00000299195378e0 ConcurrentGCThread "G1 Main Marker" [stack: 0x000000b0ac200000,0x000000b0ac300000] [id=14780]
  0x0000029919538200 ConcurrentGCThread "G1 Conc#0" [stack: 0x000000b0ac300000,0x000000b0ac400000] [id=15044]
  0x000002991957d580 ConcurrentGCThread "G1 Refine#0" [stack: 0x000000b0ac400000,0x000000b0ac500000] [id=1000]
  0x000002991957deb0 ConcurrentGCThread "G1 Service" [stack: 0x000000b0ac500000,0x000000b0ac600000] [id=8316]

Threads with active compile tasks:

VM state: not at safepoint (normal execution)

VM Mutex/Monitor currently owned by a thread:  ([mutex/lock_event])
[0x00000299173480e0] Metaspace_lock - owner thread: 0x00000299194c79b0

Heap address: 0x0000000082a00000, size: 2006 MB, Compressed Oops mode: 32-bit

CDS archive(s) not mapped
Compressed class space mapped at: 0x0000000100000000-0x0000000140000000, reserved size: 1073741824
Narrow klass base: 0x0000000000000000, Narrow klass shift: 3, Narrow klass range: 0x140000000

GC Precious Log:
 CPUs: 8 total, 8 available
 Memory: 8022M
 Large Page Support: Disabled
 NUMA Support: Disabled
 Compressed Oops: Enabled (32-bit)
 Heap Region Size: 1M
 Heap Min Capacity: 8M
 Heap Initial Capacity: 126M
 Heap Max Capacity: 2006M
 Pre-touch: Disabled
 Parallel Workers: 8
 Concurrent Workers: 2
 Concurrent Refinement Workers: 8
 Periodic GC: Disabled

Heap:
 garbage-first heap   total 129024K, used 7333K [0x0000000082a00000, 0x0000000100000000)
  region size 1024K, 4 young (4096K), 3 survivors (3072K)
 Metaspace       used 14984K, committed 15104K, reserved 1114112K
  class space    used 1571K, committed 1664K, reserved 1048576K

Heap Regions: E=young(eden), S=young(survivor), O=old, HS=humongous(starts), HC=humongous(continues), CS=collection set, F=free, OA=open archive, CA=closed archive, TAMS=top-at-mark-start (previous, next)
|   0|0x0000000082a00000, 0x0000000082b00000, 0x0000000082b00000|100%|HS|  |TAMS 0x0000000082a00000, 0x0000000082a00000| Complete 
|   1|0x0000000082b00000, 0x0000000082c00000, 0x0000000082c00000|100%| O|  |TAMS 0x0000000082b00000, 0x0000000082b00000| Untracked 
|   2|0x0000000082c00000, 0x0000000082d00000, 0x0000000082d00000|100%| O|  |TAMS 0x0000000082c00000, 0x0000000082c00000| Untracked 
|   3|0x0000000082d00000, 0x0000000082e00000, 0x0000000082e00000|100%| O|  |TAMS 0x0000000082d00000, 0x0000000082d00000| Untracked 
|   4|0x0000000082e00000, 0x0000000082e29600, 0x0000000082f00000| 16%| O|  |TAMS 0x0000000082e00000, 0x0000000082e00000| Untracked 
|   5|0x0000000082f00000, 0x0000000082f00000, 0x0000000083000000|  0%| F|  |TAMS 0x0000000082f00000, 0x0000000082f00000| Untracked 
|   6|0x0000000083000000, 0x0000000083000000, 0x0000000083100000|  0%| F|  |TAMS 0x0000000083000000, 0x0000000083000000| Untracked 
|   7|0x0000000083100000, 0x0000000083100000, 0x0000000083200000|  0%| F|  |TAMS 0x0000000083100000, 0x0000000083100000| Untracked 
|   8|0x0000000083200000, 0x0000000083200000, 0x0000000083300000|  0%| F|  |TAMS 0x0000000083200000, 0x0000000083200000| Untracked 
|   9|0x0000000083300000, 0x0000000083300000, 0x0000000083400000|  0%| F|  |TAMS 0x0000000083300000, 0x0000000083300000| Untracked 
|  10|0x0000000083400000, 0x0000000083400000, 0x0000000083500000|  0%| F|  |TAMS 0x0000000083400000, 0x0000000083400000| Untracked 
|  11|0x0000000083500000, 0x0000000083500000, 0x0000000083600000|  0%| F|  |TAMS 0x0000000083500000, 0x0000000083500000| Untracked 
|  12|0x0000000083600000, 0x0000000083600000, 0x0000000083700000|  0%| F|  |TAMS 0x0000000083600000, 0x0000000083600000| Untracked 
|  13|0x0000000083700000, 0x0000000083700000, 0x0000000083800000|  0%| F|  |TAMS 0x0000000083700000, 0x0000000083700000| Untracked 
|  14|0x0000000083800000, 0x0000000083800000, 0x0000000083900000|  0%| F|  |TAMS 0x0000000083800000, 0x0000000083800000| Untracked 
|  15|0x0000000083900000, 0x0000000083900000, 0x0000000083a00000|  0%| F|  |TAMS 0x0000000083900000, 0x0000000083900000| Untracked 
|  16|0x0000000083a00000, 0x0000000083a00000, 0x0000000083b00000|  0%| F|  |TAMS 0x0000000083a00000, 0x0000000083a00000| Untracked 
|  17|0x0000000083b00000, 0x0000000083b00000, 0x0000000083c00000|  0%| F|  |TAMS 0x0000000083b00000, 0x0000000083b00000| Untracked 
|  18|0x0000000083c00000, 0x0000000083c00000, 0x0000000083d00000|  0%| F|  |TAMS 0x0000000083c00000, 0x0000000083c00000| Untracked 
|  19|0x0000000083d00000, 0x0000000083d00000, 0x0000000083e00000|  0%| F|  |TAMS 0x0000000083d00000, 0x0000000083d00000| Untracked 
|  20|0x0000000083e00000, 0x0000000083e00000, 0x0000000083f00000|  0%| F|  |TAMS 0x0000000083e00000, 0x0000000083e00000| Untracked 
|  21|0x0000000083f00000, 0x0000000083f00000, 0x0000000084000000|  0%| F|  |TAMS 0x0000000083f00000, 0x0000000083f00000| Untracked 
|  22|0x0000000084000000, 0x0000000084000000, 0x0000000084100000|  0%| F|  |TAMS 0x0000000084000000, 0x0000000084000000| Untracked 
|  23|0x0000000084100000, 0x0000000084100000, 0x0000000084200000|  0%| F|  |TAMS 0x0000000084100000, 0x0000000084100000| Untracked 
|  24|0x0000000084200000, 0x0000000084200000, 0x0000000084300000|  0%| F|  |TAMS 0x0000000084200000, 0x0000000084200000| Untracked 
|  25|0x0000000084300000, 0x0000000084300000, 0x0000000084400000|  0%| F|  |TAMS 0x0000000084300000, 0x0000000084300000| Untracked 
|  26|0x0000000084400000, 0x0000000084400000, 0x0000000084500000|  0%| F|  |TAMS 0x0000000084400000, 0x0000000084400000| Untracked 
|  27|0x0000000084500000, 0x0000000084500000, 0x0000000084600000|  0%| F|  |TAMS 0x0000000084500000, 0x0000000084500000| Untracked 
|  28|0x0000000084600000, 0x0000000084600000, 0x0000000084700000|  0%| F|  |TAMS 0x0000000084600000, 0x0000000084600000| Untracked 
|  29|0x0000000084700000, 0x0000000084700000, 0x0000000084800000|  0%| F|  |TAMS 0x0000000084700000, 0x0000000084700000| Untracked 
|  30|0x0000000084800000, 0x0000000084800000, 0x0000000084900000|  0%| F|  |TAMS 0x0000000084800000, 0x0000000084800000| Untracked 
|  31|0x0000000084900000, 0x0000000084900000, 0x0000000084a00000|  0%| F|  |TAMS 0x0000000084900000, 0x0000000084900000| Untracked 
|  32|0x0000000084a00000, 0x0000000084a00000, 0x0000000084b00000|  0%| F|  |TAMS 0x0000000084a00000, 0x0000000084a00000| Untracked 
|  33|0x0000000084b00000, 0x0000000084b00000, 0x0000000084c00000|  0%| F|  |TAMS 0x0000000084b00000, 0x0000000084b00000| Untracked 
|  34|0x0000000084c00000, 0x0000000084c00000, 0x0000000084d00000|  0%| F|  |TAMS 0x0000000084c00000, 0x0000000084c00000| Untracked 
|  35|0x0000000084d00000, 0x0000000084d00000, 0x0000000084e00000|  0%| F|  |TAMS 0x0000000084d00000, 0x0000000084d00000| Untracked 
|  36|0x0000000084e00000, 0x0000000084e00000, 0x0000000084f00000|  0%| F|  |TAMS 0x0000000084e00000, 0x0000000084e00000| Untracked 
|  37|0x0000000084f00000, 0x0000000084f00000, 0x0000000085000000|  0%| F|  |TAMS 0x0000000084f00000, 0x0000000084f00000| Untracked 
|  38|0x0000000085000000, 0x0000000085000000, 0x0000000085100000|  0%| F|  |TAMS 0x0000000085000000, 0x0000000085000000| Untracked 
|  39|0x0000000085100000, 0x0000000085100000, 0x0000000085200000|  0%| F|  |TAMS 0x0000000085100000, 0x0000000085100000| Untracked 
|  40|0x0000000085200000, 0x0000000085200000, 0x0000000085300000|  0%| F|  |TAMS 0x0000000085200000, 0x0000000085200000| Untracked 
|  41|0x0000000085300000, 0x0000000085300000, 0x0000000085400000|  0%| F|  |TAMS 0x0000000085300000, 0x0000000085300000| Untracked 
|  42|0x0000000085400000, 0x0000000085400000, 0x0000000085500000|  0%| F|  |TAMS 0x0000000085400000, 0x0000000085400000| Untracked 
|  43|0x0000000085500000, 0x0000000085500000, 0x0000000085600000|  0%| F|  |TAMS 0x0000000085500000, 0x0000000085500000| Untracked 
|  44|0x0000000085600000, 0x0000000085600000, 0x0000000085700000|  0%| F|  |TAMS 0x0000000085600000, 0x0000000085600000| Untracked 
|  45|0x0000000085700000, 0x0000000085700000, 0x0000000085800000|  0%| F|  |TAMS 0x0000000085700000, 0x0000000085700000| Untracked 
|  46|0x0000000085800000, 0x0000000085800000, 0x0000000085900000|  0%| F|  |TAMS 0x0000000085800000, 0x0000000085800000| Untracked 
|  47|0x0000000085900000, 0x0000000085900000, 0x0000000085a00000|  0%| F|  |TAMS 0x0000000085900000, 0x0000000085900000| Untracked 
|  48|0x0000000085a00000, 0x0000000085a00000, 0x0000000085b00000|  0%| F|  |TAMS 0x0000000085a00000, 0x0000000085a00000| Untracked 
|  49|0x0000000085b00000, 0x0000000085b00000, 0x0000000085c00000|  0%| F|  |TAMS 0x0000000085b00000, 0x0000000085b00000| Untracked 
|  50|0x0000000085c00000, 0x0000000085c00000, 0x0000000085d00000|  0%| F|  |TAMS 0x0000000085c00000, 0x0000000085c00000| Untracked 
|  51|0x0000000085d00000, 0x0000000085d00000, 0x0000000085e00000|  0%| F|  |TAMS 0x0000000085d00000, 0x0000000085d00000| Untracked 
|  52|0x0000000085e00000, 0x0000000085e00000, 0x0000000085f00000|  0%| F|  |TAMS 0x0000000085e00000, 0x0000000085e00000| Untracked 
|  53|0x0000000085f00000, 0x0000000085f00000, 0x0000000086000000|  0%| F|  |TAMS 0x0000000085f00000, 0x0000000085f00000| Untracked 
|  54|0x0000000086000000, 0x0000000086000000, 0x0000000086100000|  0%| F|  |TAMS 0x0000000086000000, 0x0000000086000000| Untracked 
|  55|0x0000000086100000, 0x0000000086100000, 0x0000000086200000|  0%| F|  |TAMS 0x0000000086100000, 0x0000000086100000| Untracked 
|  56|0x0000000086200000, 0x0000000086200000, 0x0000000086300000|  0%| F|  |TAMS 0x0000000086200000, 0x0000000086200000| Untracked 
|  57|0x0000000086300000, 0x0000000086300000, 0x0000000086400000|  0%| F|  |TAMS 0x0000000086300000, 0x0000000086300000| Untracked 
|  58|0x0000000086400000, 0x0000000086400000, 0x0000000086500000|  0%| F|  |TAMS 0x0000000086400000, 0x0000000086400000| Untracked 
|  59|0x0000000086500000, 0x0000000086500000, 0x0000000086600000|  0%| F|  |TAMS 0x0000000086500000, 0x0000000086500000| Untracked 
|  60|0x0000000086600000, 0x0000000086600000, 0x0000000086700000|  0%| F|  |TAMS 0x0000000086600000, 0x0000000086600000| Untracked 
|  61|0x0000000086700000, 0x0000000086700000, 0x0000000086800000|  0%| F|  |TAMS 0x0000000086700000, 0x0000000086700000| Untracked 
|  62|0x0000000086800000, 0x0000000086800000, 0x0000000086900000|  0%| F|  |TAMS 0x0000000086800000, 0x0000000086800000| Untracked 
|  63|0x0000000086900000, 0x0000000086900000, 0x0000000086a00000|  0%| F|  |TAMS 0x0000000086900000, 0x0000000086900000| Untracked 
|  64|0x0000000086a00000, 0x0000000086a00000, 0x0000000086b00000|  0%| F|  |TAMS 0x0000000086a00000, 0x0000000086a00000| Untracked 
|  65|0x0000000086b00000, 0x0000000086b00000, 0x0000000086c00000|  0%| F|  |TAMS 0x0000000086b00000, 0x0000000086b00000| Untracked 
|  66|0x0000000086c00000, 0x0000000086c00000, 0x0000000086d00000|  0%| F|  |TAMS 0x0000000086c00000, 0x0000000086c00000| Untracked 
|  67|0x0000000086d00000, 0x0000000086d00000, 0x0000000086e00000|  0%| F|  |TAMS 0x0000000086d00000, 0x0000000086d00000| Untracked 
|  68|0x0000000086e00000, 0x0000000086e00000, 0x0000000086f00000|  0%| F|  |TAMS 0x0000000086e00000, 0x0000000086e00000| Untracked 
|  69|0x0000000086f00000, 0x0000000086f00000, 0x0000000087000000|  0%| F|  |TAMS 0x0000000086f00000, 0x0000000086f00000| Untracked 
|  70|0x0000000087000000, 0x0000000087000000, 0x0000000087100000|  0%| F|  |TAMS 0x0000000087000000, 0x0000000087000000| Untracked 
|  71|0x0000000087100000, 0x0000000087100000, 0x0000000087200000|  0%| F|  |TAMS 0x0000000087100000, 0x0000000087100000| Untracked 
|  72|0x0000000087200000, 0x0000000087200000, 0x0000000087300000|  0%| F|  |TAMS 0x0000000087200000, 0x0000000087200000| Untracked 
|  73|0x0000000087300000, 0x0000000087300000, 0x0000000087400000|  0%| F|  |TAMS 0x0000000087300000, 0x0000000087300000| Untracked 
|  74|0x0000000087400000, 0x0000000087400000, 0x0000000087500000|  0%| F|  |TAMS 0x0000000087400000, 0x0000000087400000| Untracked 
|  75|0x0000000087500000, 0x0000000087500000, 0x0000000087600000|  0%| F|  |TAMS 0x0000000087500000, 0x0000000087500000| Untracked 
|  76|0x0000000087600000, 0x0000000087600000, 0x0000000087700000|  0%| F|  |TAMS 0x0000000087600000, 0x0000000087600000| Untracked 
|  77|0x0000000087700000, 0x0000000087700000, 0x0000000087800000|  0%| F|  |TAMS 0x0000000087700000, 0x0000000087700000| Untracked 
|  78|0x0000000087800000, 0x0000000087800000, 0x0000000087900000|  0%| F|  |TAMS 0x0000000087800000, 0x0000000087800000| Untracked 
|  79|0x0000000087900000, 0x0000000087900000, 0x0000000087a00000|  0%| F|  |TAMS 0x0000000087900000, 0x0000000087900000| Untracked 
|  80|0x0000000087a00000, 0x0000000087a00000, 0x0000000087b00000|  0%| F|  |TAMS 0x0000000087a00000, 0x0000000087a00000| Untracked 
|  81|0x0000000087b00000, 0x0000000087b00000, 0x0000000087c00000|  0%| F|  |TAMS 0x0000000087b00000, 0x0000000087b00000| Untracked 
|  82|0x0000000087c00000, 0x0000000087c00000, 0x0000000087d00000|  0%| F|  |TAMS 0x0000000087c00000, 0x0000000087c00000| Untracked 
|  83|0x0000000087d00000, 0x0000000087d00000, 0x0000000087e00000|  0%| F|  |TAMS 0x0000000087d00000, 0x0000000087d00000| Untracked 
|  84|0x0000000087e00000, 0x0000000087e00000, 0x0000000087f00000|  0%| F|  |TAMS 0x0000000087e00000, 0x0000000087e00000| Untracked 
|  85|0x0000000087f00000, 0x0000000087f00000, 0x0000000088000000|  0%| F|  |TAMS 0x0000000087f00000, 0x0000000087f00000| Untracked 
|  86|0x0000000088000000, 0x0000000088000000, 0x0000000088100000|  0%| F|  |TAMS 0x0000000088000000, 0x0000000088000000| Untracked 
|  87|0x0000000088100000, 0x0000000088100000, 0x0000000088200000|  0%| F|  |TAMS 0x0000000088100000, 0x0000000088100000| Untracked 
|  88|0x0000000088200000, 0x0000000088200000, 0x0000000088300000|  0%| F|  |TAMS 0x0000000088200000, 0x0000000088200000| Untracked 
|  89|0x0000000088300000, 0x0000000088300000, 0x0000000088400000|  0%| F|  |TAMS 0x0000000088300000, 0x0000000088300000| Untracked 
|  90|0x0000000088400000, 0x0000000088400000, 0x0000000088500000|  0%| F|  |TAMS 0x0000000088400000, 0x0000000088400000| Untracked 
|  91|0x0000000088500000, 0x0000000088500000, 0x0000000088600000|  0%| F|  |TAMS 0x0000000088500000, 0x0000000088500000| Untracked 
|  92|0x0000000088600000, 0x0000000088600000, 0x0000000088700000|  0%| F|  |TAMS 0x0000000088600000, 0x0000000088600000| Untracked 
|  93|0x0000000088700000, 0x0000000088700000, 0x0000000088800000|  0%| F|  |TAMS 0x0000000088700000, 0x0000000088700000| Untracked 
|  94|0x0000000088800000, 0x0000000088800000, 0x0000000088900000|  0%| F|  |TAMS 0x0000000088800000, 0x0000000088800000| Untracked 
|  95|0x0000000088900000, 0x0000000088900000, 0x0000000088a00000|  0%| F|  |TAMS 0x0000000088900000, 0x0000000088900000| Untracked 
|  96|0x0000000088a00000, 0x0000000088a00000, 0x0000000088b00000|  0%| F|  |TAMS 0x0000000088a00000, 0x0000000088a00000| Untracked 
|  97|0x0000000088b00000, 0x0000000088b00000, 0x0000000088c00000|  0%| F|  |TAMS 0x0000000088b00000, 0x0000000088b00000| Untracked 
|  98|0x0000000088c00000, 0x0000000088c00000, 0x0000000088d00000|  0%| F|  |TAMS 0x0000000088c00000, 0x0000000088c00000| Untracked 
|  99|0x0000000088d00000, 0x0000000088d00000, 0x0000000088e00000|  0%| F|  |TAMS 0x0000000088d00000, 0x0000000088d00000| Untracked 
| 100|0x0000000088e00000, 0x0000000088f00000, 0x0000000088f00000|100%| S|CS|TAMS 0x0000000088e00000, 0x0000000088e00000| Complete 
| 101|0x0000000088f00000, 0x0000000089000000, 0x0000000089000000|100%| S|CS|TAMS 0x0000000088f00000, 0x0000000088f00000| Complete 
| 102|0x0000000089000000, 0x0000000089100000, 0x0000000089100000|100%| S|CS|TAMS 0x0000000089000000, 0x0000000089000000| Complete 
| 103|0x0000000089100000, 0x0000000089100000, 0x0000000089200000|  0%| F|  |TAMS 0x0000000089100000, 0x0000000089100000| Untracked 
| 104|0x0000000089200000, 0x0000000089200000, 0x0000000089300000|  0%| F|  |TAMS 0x0000000089200000, 0x0000000089200000| Untracked 
| 105|0x0000000089300000, 0x0000000089300000, 0x0000000089400000|  0%| F|  |TAMS 0x0000000089300000, 0x0000000089300000| Untracked 
| 106|0x0000000089400000, 0x0000000089400000, 0x0000000089500000|  0%| F|  |TAMS 0x0000000089400000, 0x0000000089400000| Untracked 
| 107|0x0000000089500000, 0x0000000089500000, 0x0000000089600000|  0%| F|  |TAMS 0x0000000089500000, 0x0000000089500000| Untracked 
| 108|0x0000000089600000, 0x0000000089600000, 0x0000000089700000|  0%| F|  |TAMS 0x0000000089600000, 0x0000000089600000| Untracked 
| 109|0x0000000089700000, 0x0000000089700000, 0x0000000089800000|  0%| F|  |TAMS 0x0000000089700000, 0x0000000089700000| Untracked 
| 110|0x0000000089800000, 0x0000000089800000, 0x0000000089900000|  0%| F|  |TAMS 0x0000000089800000, 0x0000000089800000| Untracked 
| 111|0x0000000089900000, 0x0000000089900000, 0x0000000089a00000|  0%| F|  |TAMS 0x0000000089900000, 0x0000000089900000| Untracked 
| 112|0x0000000089a00000, 0x0000000089a00000, 0x0000000089b00000|  0%| F|  |TAMS 0x0000000089a00000, 0x0000000089a00000| Untracked 
| 113|0x0000000089b00000, 0x0000000089b00000, 0x0000000089c00000|  0%| F|  |TAMS 0x0000000089b00000, 0x0000000089b00000| Untracked 
| 114|0x0000000089c00000, 0x0000000089c00000, 0x0000000089d00000|  0%| F|  |TAMS 0x0000000089c00000, 0x0000000089c00000| Untracked 
| 115|0x0000000089d00000, 0x0000000089d00000, 0x0000000089e00000|  0%| F|  |TAMS 0x0000000089d00000, 0x0000000089d00000| Untracked 
| 116|0x0000000089e00000, 0x0000000089e00000, 0x0000000089f00000|  0%| F|  |TAMS 0x0000000089e00000, 0x0000000089e00000| Untracked 
| 117|0x0000000089f00000, 0x0000000089f00000, 0x000000008a000000|  0%| F|  |TAMS 0x0000000089f00000, 0x0000000089f00000| Untracked 
| 118|0x000000008a000000, 0x000000008a000000, 0x000000008a100000|  0%| F|  |TAMS 0x000000008a000000, 0x000000008a000000| Untracked 
| 119|0x000000008a100000, 0x000000008a100000, 0x000000008a200000|  0%| F|  |TAMS 0x000000008a100000, 0x000000008a100000| Untracked 
| 120|0x000000008a200000, 0x000000008a200000, 0x000000008a300000|  0%| F|  |TAMS 0x000000008a200000, 0x000000008a200000| Untracked 
| 121|0x000000008a300000, 0x000000008a300000, 0x000000008a400000|  0%| F|  |TAMS 0x000000008a300000, 0x000000008a300000| Untracked 
| 122|0x000000008a400000, 0x000000008a400000, 0x000000008a500000|  0%| F|  |TAMS 0x000000008a400000, 0x000000008a400000| Untracked 
| 123|0x000000008a500000, 0x000000008a500000, 0x000000008a600000|  0%| F|  |TAMS 0x000000008a500000, 0x000000008a500000| Untracked 
| 124|0x000000008a600000, 0x000000008a600000, 0x000000008a700000|  0%| F|  |TAMS 0x000000008a600000, 0x000000008a600000| Untracked 
| 125|0x000000008a700000, 0x000000008a800000, 0x000000008a800000|100%| E|  |TAMS 0x000000008a700000, 0x000000008a700000| Complete 

Card table byte_map: [0x0000029920560000,0x0000029920950000] _byte_map_base: 0x000002992014b000

Marking Bits (Prev, Next): (CMBitMap*) 0x00000299195274f0, (CMBitMap*) 0x0000029919527530
 Prev Bits: [0x0000029920d40000, 0x0000029922c98000)
 Next Bits: [0x0000029922ca0000, 0x0000029924bf8000)

Polling page: 0x0000029918c80000

Metaspace:

Usage:
  Non-class:     13.10 MB used.
      Class:      1.53 MB used.
       Both:     14.63 MB used.

Virtual space:
  Non-class space:       64.00 MB reserved,      13.12 MB ( 21%) committed,  1 nodes.
      Class space:        1.00 GB reserved,       1.62 MB ( <1%) committed,  1 nodes.
             Both:        1.06 GB reserved,      14.75 MB (  1%) committed. 

Chunk freelists:
   Non-Class:  2.36 MB
       Class:  14.19 MB
        Both:  16.55 MB

MaxMetaspaceSize: unlimited
CompressedClassSpaceSize: 1.00 GB
Initial GC threshold: 21.00 MB
Current GC threshold: 21.00 MB
CDS: off
MetaspaceReclaimPolicy: balanced
 - commit_granule_bytes: 65536.
 - commit_granule_words: 8192.
 - virtual_space_node_default_size: 8388608.
 - enlarge_chunks_in_place: 1.
 - new_chunks_are_fully_committed: 0.
 - uncommit_free_chunks: 1.
 - use_allocation_guard: 0.
 - handle_deallocations: 1.


Internal statistics:

num_allocs_failed_limit: 0.
num_arena_births: 94.
num_arena_deaths: 0.
num_vsnodes_births: 2.
num_vsnodes_deaths: 0.
num_space_committed: 236.
num_space_uncommitted: 0.
num_chunks_returned_to_freelist: 0.
num_chunks_taken_from_freelist: 203.
num_chunk_merges: 0.
num_chunk_splits: 118.
num_chunks_enlarged: 78.
num_inconsistent_stats: 0.

CodeCache: size=49152Kb used=3268Kb max_used=3268Kb free=45883Kb
 bounds [0x000002991d060000, 0x000002991d3a0000, 0x0000029920060000]
 total_blobs=1480 nmethods=1033 adapters=374
 compilation: disabled (not enough contiguous free space left)
              stopped_count=1, restarted_count=0
 full_count=1

Compilation events (20 events):
Event: 1.023 Thread 0x0000029927a1d010 nmethod 1019 0x000002991d38bd90 code [0x000002991d38bf20, 0x000002991d38c078]
Event: 1.023 Thread 0x0000029927a1d010 1020       1       java.util.zip.ZipUtils::CENCRC (9 bytes)
Event: 1.023 Thread 0x0000029927a1d010 nmethod 1020 0x000002991d38c190 code [0x000002991d38c320, 0x000002991d38c478]
Event: 1.023 Thread 0x0000029927a1d010 1021   !   1       java.util.zip.ZipFile$Source::readAt (39 bytes)
Event: 1.024 Thread 0x0000029927a1d010 nmethod 1021 0x000002991d38c590 code [0x000002991d38c760, 0x000002991d38cb48]
Event: 1.024 Thread 0x0000029927a1d010 1022       1       java.io.File::exists (34 bytes)
Event: 1.024 Thread 0x00000299278779a0 nmethod 1013 0x000002991d38ce10 code [0x000002991d38d0a0, 0x000002991d38ddb8]
Event: 1.024 Thread 0x00000299278779a0 1023   !   1       java.util.zip.ZipFile::getInputStream (275 bytes)
Event: 1.024 Thread 0x0000029927a1d010 nmethod 1022 0x000002991d38e510 code [0x000002991d38e6c0, 0x000002991d38e868]
Event: 1.024 Thread 0x0000029927a1d010 1024       1       java.util.zip.ZipFile$ZipFileInputStream::<init> (96 bytes)
Event: 1.025 Thread 0x0000029927a1d010 nmethod 1024 0x000002991d38e990 code [0x000002991d38eb40, 0x000002991d38eea8]
Event: 1.025 Thread 0x0000029927a1d010 1025       1       java.util.zip.ZipUtils::CENOFF (9 bytes)
Event: 1.025 Thread 0x0000029927a1d010 nmethod 1025 0x000002991d38f090 code [0x000002991d38f220, 0x000002991d38f378]
Event: 1.025 Thread 0x0000029927a1d010 1026       1       java.util.zip.ZipUtils::LOCNAM (7 bytes)
Event: 1.025 Thread 0x0000029927a1d010 nmethod 1026 0x000002991d38f490 code [0x000002991d38f620, 0x000002991d38f6f8]
Event: 1.025 Thread 0x0000029927a1d010 1027       1       java.util.zip.ZipUtils::LOCEXT (7 bytes)
Event: 1.025 Thread 0x0000029927a1d010 nmethod 1027 0x000002991d38f790 code [0x000002991d38f920, 0x000002991d38f9f8]
Event: 1.025 Thread 0x0000029927a1d010 1028       1       jdk.internal.ref.PhantomCleanable::clean (16 bytes)
Event: 1.026 Thread 0x00000299278779a0 

Event: 1.026 Thread 0x0000029927a1d010 nmethod 1028 0x000002991d38fa90 code [0x000002991d38fc40, 0x000002991d38fd88]

GC Heap History (2 events):
Event: 1.084 GC heap before
{Heap before GC invocations=0 (full 0):
 garbage-first heap   total 129024K, used 23552K [0x0000000082a00000, 0x0000000100000000)
  region size 1024K, 23 young (23552K), 0 survivors (0K)
 Metaspace       used 14939K, committed 15104K, reserved 1114112K
  class space    used 1562K, committed 1664K, reserved 1048576K
}
Event: 1.093 GC heap after
{Heap after GC invocations=1 (full 0):
 garbage-first heap   total 129024K, used 7333K [0x0000000082a00000, 0x0000000100000000)
  region size 1024K, 3 young (3072K), 3 survivors (3072K)
 Metaspace       used 14939K, committed 15104K, reserved 1114112K
  class space    used 1562K, committed 1664K, reserved 1048576K
}

Dll operation events (3 events):
Event: 0.014 Loaded shared library C:\Users\Juned Raghib\.jdks\jbrsdk_jcef-17.0.7\bin\java.dll
Event: 0.016 Loaded shared library C:\Users\Juned Raghib\.jdks\jbrsdk_jcef-17.0.7\bin\zip.dll
Event: 0.056 Loaded shared library C:\Users\Juned Raghib\.jdks\jbrsdk_jcef-17.0.7\bin\jsvml.dll

Deoptimization events (16 events):
Event: 1.031 Thread 0x00000299194c79b0 DEOPT PACKING pc=0x000002991d36c6d4 sp=0x000000b0ac0fecb0
Event: 1.031 Thread 0x00000299194c79b0 DEOPT UNPACKING pc=0x000002991d0b7143 sp=0x000000b0ac0fe1a0 mode 1
Event: 1.031 Thread 0x00000299194c79b0 DEOPT PACKING pc=0x000002991d36c6d4 sp=0x000000b0ac0fecb0
Event: 1.032 Thread 0x00000299194c79b0 DEOPT UNPACKING pc=0x000002991d0b7143 sp=0x000000b0ac0fe1a0 mode 1
Event: 1.032 Thread 0x00000299194c79b0 DEOPT PACKING pc=0x000002991d36c6d4 sp=0x000000b0ac0fecb0
Event: 1.032 Thread 0x00000299194c79b0 DEOPT UNPACKING pc=0x000002991d0b7143 sp=0x000000b0ac0fe1a0 mode 1
Event: 1.032 Thread 0x00000299194c79b0 DEOPT PACKING pc=0x000002991d36c6d4 sp=0x000000b0ac0fecb0
Event: 1.032 Thread 0x00000299194c79b0 DEOPT UNPACKING pc=0x000002991d0b7143 sp=0x000000b0ac0fe1a0 mode 1
Event: 1.071 Thread 0x00000299194c79b0 DEOPT PACKING pc=0x000002991d36c6d4 sp=0x000000b0ac0fde20
Event: 1.071 Thread 0x00000299194c79b0 DEOPT UNPACKING pc=0x000002991d0b7143 sp=0x000000b0ac0fd310 mode 1
Event: 1.071 Thread 0x00000299194c79b0 DEOPT PACKING pc=0x000002991d36c6d4 sp=0x000000b0ac0fde20
Event: 1.071 Thread 0x00000299194c79b0 DEOPT UNPACKING pc=0x000002991d0b7143 sp=0x000000b0ac0fd310 mode 1
Event: 1.072 Thread 0x00000299194c79b0 DEOPT PACKING pc=0x000002991d36c6d4 sp=0x000000b0ac0fddb0
Event: 1.072 Thread 0x00000299194c79b0 DEOPT UNPACKING pc=0x000002991d0b7143 sp=0x000000b0ac0fd2a0 mode 1
Event: 1.072 Thread 0x00000299194c79b0 DEOPT PACKING pc=0x000002991d36c6d4 sp=0x000000b0ac0fddb0
Event: 1.072 Thread 0x00000299194c79b0 DEOPT UNPACKING pc=0x000002991d0b7143 sp=0x000000b0ac0fd2a0 mode 1

Classes unloaded (0 events):
No events

Classes redefined (0 events):
No events

Internal exceptions (15 events):
Event: 0.476 Thread 0x00000299194c79b0 Exception <a 'java/lang/NoSuchMethodError'{0x0000000089e7fde8}: 'java.lang.Object java.lang.invoke.DirectMethodHandle$Holder.invokeStaticInit(java.lang.Object)'> (0x0000000089e7fde8) 
thrown [s\src\hotspot\share\interpreter\linkResolver.cpp, line 771]
Event: 0.509 Thread 0x00000299194c79b0 Exception <a 'java/lang/NoSuchMethodError'{0x0000000089d20828}: 'int java.lang.invoke.DirectMethodHandle$Holder.invokeInterface(java.lang.Object, java.lang.Object)'> (0x0000000089d20828) 
thrown [s\src\hotspot\share\interpreter\linkResolver.cpp, line 771]
Event: 0.509 Thread 0x00000299194c79b0 Exception <a 'java/lang/IncompatibleClassChangeError'{0x0000000089d23e28}: Found class java.lang.Object, but interface was expected> (0x0000000089d23e28) 
thrown [s\src\hotspot\share\interpreter\linkResolver.cpp, line 838]
Event: 0.511 Thread 0x00000299194c79b0 Exception <a 'java/lang/NoSuchMethodError'{0x0000000089d2a098}: 'void java.lang.invoke.DirectMethodHandle$Holder.invokeStatic(java.lang.Object, java.lang.Object)'> (0x0000000089d2a098) 
thrown [s\src\hotspot\share\interpreter\linkResolver.cpp, line 771]
Event: 0.587 Thread 0x00000299194c79b0 Exception <a 'java/lang/NoSuchMethodError'{0x0000000089ca4120}: 'int java.lang.invoke.DirectMethodHandle$Holder.invokeSpecial(java.lang.Object, java.lang.Object, java.lang.Object)'> (0x0000000089ca4120) 
thrown [s\src\hotspot\share\interpreter\linkResolver.cpp, line 771]
Event: 0.655 Thread 0x00000299194c79b0 Exception <a 'java/lang/NoSuchMethodError'{0x0000000089a4a190}: 'void java.lang.invoke.DirectMethodHandle$Holder.invokeStatic(java.lang.Object, java.lang.Object, java.lang.Object)'> (0x0000000089a4a190) 
thrown [s\src\hotspot\share\interpreter\linkResolver.cpp, line 771]
Event: 0.676 Thread 0x00000299194c79b0 Exception <a 'java/lang/NoSuchMethodError'{0x0000000089ab4ce8}: 'int java.lang.invoke.DirectMethodHandle$Holder.invokeSpecialIFC(java.lang.Object, java.lang.Object, java.lang.Object)'> (0x0000000089ab4ce8) 
thrown [s\src\hotspot\share\interpreter\linkResolver.cpp, line 771]
Event: 0.722 Thread 0x00000299194c79b0 Exception <a 'java/lang/NoSuchMethodError'{0x0000000089991088}: 'java.lang.Object java.lang.invoke.DirectMethodHandle$Holder.invokeStaticInit(java.lang.Object, int, int, int, int)'> (0x0000000089991088) 
thrown [s\src\hotspot\share\interpreter\linkResolver.cpp, line 771]
Event: 0.797 Thread 0x00000299194c79b0 Exception <a 'java/lang/NoSuchMethodError'{0x0000000089810480}: 'java.lang.Object java.lang.invoke.DirectMethodHandle$Holder.invokeStaticInit(java.lang.Object, java.lang.Object, int, int, int, int)'> (0x0000000089810480) 
thrown [s\src\hotspot\share\interpreter\linkResolver.cpp, line 771]
Event: 0.814 Thread 0x00000299194c79b0 Exception <a 'java/lang/ClassNotFoundException'{0x0000000089853c90}: javax/management/remote/rmi/RMIServerImpl_Skel> (0x0000000089853c90) 
thrown [s\src\hotspot\share\classfile\systemDictionary.cpp, line 256]
Event: 0.940 Thread 0x00000299194c79b0 Exception <a 'java/lang/ClassNotFoundException'{0x00000000895ac2b0}: javax/smartcardio/CardPermission> (0x00000000895ac2b0) 
thrown [s\src\hotspot\share\classfile\systemDictionary.cpp, line 256]
Event: 0.944 Thread 0x00000299194c79b0 Exception <a 'java/io/FileNotFoundException'{0x00000000895bd0e8}> (0x00000000895bd0e8) 
thrown [s\src\hotspot\share\prims\jni.cpp, line 517]
Event: 1.036 Thread 0x00000299194c79b0 Exception <a 'java/lang/NoSuchMethodError'{0x000000008924af90}: 'void java.lang.invoke.DirectMethodHandle$Holder.invokeStatic(java.lang.Object, java.lang.Object, java.lang.Object, java.lang.Object)'> (0x000000008924af90) 
thrown [s\src\hotspot\share\interpreter\linkResolver.cpp, line 771]
Event: 1.075 Thread 0x00000299194c79b0 Exception <a 'java/lang/NoSuchMethodError'{0x00000000891b0180}: 'int java.lang.invoke.DirectMethodHandle$Holder.invokeStaticInit(java.lang.Object, java.lang.Object)'> (0x00000000891b0180) 
thrown [s\src\hotspot\share\interpreter\linkResolver.cpp, line 771]
Event: 1.094 Thread 0x00000299194c79b0 Exception <a 'java/lang/NoSuchMethodError'{0x000000008a708128}: 'void java.lang.invoke.DirectMethodHandle$Holder.invokeInterface(java.lang.Object, java.lang.Object, java.lang.Object, java.lang.Object)'> (0x000000008a708128) 
thrown [s\src\hotspot\share\interpreter\linkResolver.cpp, line 771]

VM Operations (20 events):
Event: 0.272 Executing VM operation: ChangeBreakpoints
Event: 0.273 Executing VM operation: ChangeBreakpoints done
Event: 0.288 Executing VM operation: ChangeBreakpoints
Event: 0.288 Executing VM operation: ChangeBreakpoints done
Event: 0.289 Executing VM operation: ChangeBreakpoints
Event: 0.289 Executing VM operation: ChangeBreakpoints done
Event: 0.456 Executing VM operation: HandshakeAllThreads
Event: 0.456 Executing VM operation: HandshakeAllThreads done
Event: 0.692 Executing VM operation: HandshakeAllThreads
Event: 0.692 Executing VM operation: HandshakeAllThreads done
Event: 0.702 Executing VM operation: HandshakeAllThreads
Event: 0.702 Executing VM operation: HandshakeAllThreads done
Event: 0.813 Executing VM operation: HandshakeAllThreads
Event: 0.813 Executing VM operation: HandshakeAllThreads done
Event: 0.891 Executing VM operation: HandshakeAllThreads
Event: 0.891 Executing VM operation: HandshakeAllThreads done
Event: 0.897 Executing VM operation: HandshakeAllThreads
Event: 0.897 Executing VM operation: HandshakeAllThreads done
Event: 1.084 Executing VM operation: G1CollectForAllocation
Event: 1.093 Executing VM operation: G1CollectForAllocation done

Events (20 events):
Event: 1.094 loading class org/springframework/boot/logging/LogLevel$LogMethod
Event: 1.094 loading class org/springframework/boot/logging/LogLevel$LogMethod done
Event: 1.094 loading class org/apache/commons/logging/Log
Event: 1.094 loading class org/apache/commons/logging/Log done
Event: 1.095 loading class org/springframework/boot/logging/LogLevel$LogMethod
Event: 1.095 loading class org/springframework/boot/logging/LogLevel$LogMethod done
Event: 1.096 loading class org/springframework/boot/logging/LogLevel$LogMethod
Event: 1.096 loading class org/springframework/boot/logging/LogLevel$LogMethod done
Event: 1.096 loading class org/springframework/boot/logging/LogLevel$LogMethod
Event: 1.096 loading class org/springframework/boot/logging/LogLevel$LogMethod done
Event: 1.097 loading class org/springframework/boot/logging/LogLevel$LogMethod
Event: 1.097 loading class org/springframework/boot/logging/LogLevel$LogMethod done
Event: 1.097 loading class org/springframework/boot/logging/LogLevel$LogMethod
Event: 1.097 loading class org/springframework/boot/logging/LogLevel$LogMethod done
Event: 1.097 loading class org/springframework/core/PriorityOrdered
Event: 1.098 loading class org/springframework/core/PriorityOrdered done
Event: 1.098 loading class org/springframework/core/annotation/MergedAnnotations$SearchStrategy
Event: 1.098 loading class org/springframework/core/annotation/MergedAnnotations$SearchStrategy done
Event: 1.099 loading class org/springframework/core/annotation/MergedAnnotations
Event: 1.099 loading class org/springframework/core/annotation/MergedAnnotations done


Dynamic libraries:
0x00007ff6ed520000 - 0x00007ff6ed52a000 	C:\Users\Juned Raghib\.jdks\jbrsdk_jcef-17.0.7\bin\java.exe
0x00007ff9d9d70000 - 0x00007ff9d9f87000 	C:\WINDOWS\SYSTEM32\ntdll.dll
0x00007ff9d8880000 - 0x00007ff9d8944000 	C:\WINDOWS\System32\KERNEL32.DLL
0x00007ff9d7720000 - 0x00007ff9d7ac6000 	C:\WINDOWS\System32\KERNELBASE.dll
0x00007ff9d7460000 - 0x00007ff9d7571000 	C:\WINDOWS\System32\ucrtbase.dll
0x00007ff9c1810000 - 0x00007ff9c182b000 	C:\Users\Juned Raghib\.jdks\jbrsdk_jcef-17.0.7\bin\VCRUNTIME140.dll
0x00007ff9c32d0000 - 0x00007ff9c32e7000 	C:\Users\Juned Raghib\.jdks\jbrsdk_jcef-17.0.7\bin\jli.dll
0x00007ff9d8b30000 - 0x00007ff9d8cdd000 	C:\WINDOWS\System32\USER32.dll
0x00007ff9c3600000 - 0x00007ff9c3893000 	C:\WINDOWS\WinSxS\amd64_microsoft.windows.common-controls_6595b64144ccf1df_6.0.22621.2361_none_2712ced57382f843\COMCTL32.dll
0x00007ff9d7d00000 - 0x00007ff9d7da7000 	C:\WINDOWS\System32\msvcrt.dll
0x00007ff9d7580000 - 0x00007ff9d75a6000 	C:\WINDOWS\System32\win32u.dll
0x00007ff9d9c00000 - 0x00007ff9d9c29000 	C:\WINDOWS\System32\GDI32.dll
0x00007ff9d7170000 - 0x00007ff9d7288000 	C:\WINDOWS\System32\gdi32full.dll
0x00007ff9d73c0000 - 0x00007ff9d745a000 	C:\WINDOWS\System32\msvcp_win.dll
0x00007ff9d9bc0000 - 0x00007ff9d9bf1000 	C:\WINDOWS\System32\IMM32.DLL
0x00007ff9c4150000 - 0x00007ff9c415c000 	C:\Users\Juned Raghib\.jdks\jbrsdk_jcef-17.0.7\bin\vcruntime140_1.dll
0x00007ff990ef0000 - 0x00007ff990f7d000 	C:\Users\Juned Raghib\.jdks\jbrsdk_jcef-17.0.7\bin\msvcp140.dll
0x00007ff951680000 - 0x00007ff952300000 	C:\Users\Juned Raghib\.jdks\jbrsdk_jcef-17.0.7\bin\server\jvm.dll
0x00007ff9d7db0000 - 0x00007ff9d7e60000 	C:\WINDOWS\System32\ADVAPI32.dll
0x00007ff9d7e60000 - 0x00007ff9d7f06000 	C:\WINDOWS\System32\sechost.dll
0x00007ff9d7ad0000 - 0x00007ff9d7be7000 	C:\WINDOWS\System32\RPCRT4.dll
0x00007ff9af4a0000 - 0x00007ff9af4a9000 	C:\WINDOWS\SYSTEM32\WSOCK32.dll
0x00007ff9c4f30000 - 0x00007ff9c4f64000 	C:\WINDOWS\SYSTEM32\WINMM.dll
0x00007ff9cbaf0000 - 0x00007ff9cbafa000 	C:\WINDOWS\SYSTEM32\VERSION.dll
0x00007ff9d8950000 - 0x00007ff9d89c1000 	C:\WINDOWS\System32\WS2_32.dll
0x00007ff9d6180000 - 0x00007ff9d6198000 	C:\WINDOWS\SYSTEM32\kernel.appcore.dll
0x00007ff9c3b40000 - 0x00007ff9c3b4a000 	C:\Users\Juned Raghib\.jdks\jbrsdk_jcef-17.0.7\bin\jimage.dll
0x00007ff9d1b30000 - 0x00007ff9d1d5e000 	C:\WINDOWS\SYSTEM32\DBGHELP.DLL
0x00007ff9d9830000 - 0x00007ff9d9bba000 	C:\WINDOWS\System32\combase.dll
0x00007ff9d7c20000 - 0x00007ff9d7cf7000 	C:\WINDOWS\System32\OLEAUT32.dll
0x00007ff9c51b0000 - 0x00007ff9c51e2000 	C:\WINDOWS\SYSTEM32\dbgcore.DLL
0x00007ff9d70f0000 - 0x00007ff9d716a000 	C:\WINDOWS\System32\bcryptPrimitives.dll
0x00007ff9a1fe0000 - 0x00007ff9a201b000 	C:\Users\Juned Raghib\.jdks\jbrsdk_jcef-17.0.7\bin\jdwp.dll
0x00007ff9c0970000 - 0x00007ff9c097e000 	C:\Users\Juned Raghib\.jdks\jbrsdk_jcef-17.0.7\bin\instrument.dll
0x00007ff9c0980000 - 0x00007ff9c09a5000 	C:\Users\Juned Raghib\.jdks\jbrsdk_jcef-17.0.7\bin\java.dll
0x00007ff9c1620000 - 0x00007ff9c1638000 	C:\Users\Juned Raghib\.jdks\jbrsdk_jcef-17.0.7\bin\zip.dll
0x00007ff98d3d0000 - 0x00007ff98d4a7000 	C:\Users\Juned Raghib\.jdks\jbrsdk_jcef-17.0.7\bin\jsvml.dll
0x00007ff9d8fd0000 - 0x00007ff9d9828000 	C:\WINDOWS\System32\SHELL32.dll
0x00007ff9d5000000 - 0x00007ff9d58f2000 	C:\WINDOWS\SYSTEM32\windows.storage.dll
0x00007ff9d4ec0000 - 0x00007ff9d4ffe000 	C:\WINDOWS\SYSTEM32\wintypes.dll
0x00007ff9d9c30000 - 0x00007ff9d9d23000 	C:\WINDOWS\System32\SHCORE.dll
0x00007ff9d8f70000 - 0x00007ff9d8fce000 	C:\WINDOWS\System32\shlwapi.dll
0x00007ff9d7020000 - 0x00007ff9d7046000 	C:\WINDOWS\SYSTEM32\profapi.dll
0x00007ff9c0840000 - 0x00007ff9c084c000 	C:\Users\Juned Raghib\.jdks\jbrsdk_jcef-17.0.7\bin\dt_socket.dll
0x00007ff9d5be0000 - 0x00007ff9d5c0d000 	C:\WINDOWS\SYSTEM32\IPHLPAPI.DLL
0x00007ff9d6680000 - 0x00007ff9d66e9000 	C:\WINDOWS\system32\mswsock.dll
0x00007ff9c14a0000 - 0x00007ff9c14b9000 	C:\Users\Juned Raghib\.jdks\jbrsdk_jcef-17.0.7\bin\net.dll
0x00007ff9cd880000 - 0x00007ff9cd9b7000 	C:\WINDOWS\SYSTEM32\WINHTTP.dll
0x00007ff9c0850000 - 0x00007ff9c0866000 	C:\Users\Juned Raghib\.jdks\jbrsdk_jcef-17.0.7\bin\nio.dll
0x00007ff9d5c10000 - 0x00007ff9d5d09000 	C:\WINDOWS\SYSTEM32\DNSAPI.dll
0x00007ff9d7c10000 - 0x00007ff9d7c19000 	C:\WINDOWS\System32\NSI.dll
0x00007ff9ca9d0000 - 0x00007ff9ca9da000 	C:\Windows\System32\rasadhlp.dll
0x00007ff9cac90000 - 0x00007ff9cad14000 	C:\WINDOWS\System32\fwpuclnt.dll
0x00007ff9c0810000 - 0x00007ff9c0819000 	C:\Users\Juned Raghib\.jdks\jbrsdk_jcef-17.0.7\bin\management.dll
0x00007ff9bf9e0000 - 0x00007ff9bf9eb000 	C:\Users\Juned Raghib\.jdks\jbrsdk_jcef-17.0.7\bin\management_ext.dll
0x00007ff9d8ce0000 - 0x00007ff9d8ce8000 	C:\WINDOWS\System32\PSAPI.DLL
0x00007ff9d68f0000 - 0x00007ff9d690b000 	C:\WINDOWS\SYSTEM32\CRYPTSP.dll
0x00007ff9d6140000 - 0x00007ff9d6175000 	C:\WINDOWS\system32\rsaenh.dll
0x00007ff9d6790000 - 0x00007ff9d67bc000 	C:\WINDOWS\SYSTEM32\USERENV.dll
0x00007ff9d6ab0000 - 0x00007ff9d6ad8000 	C:\WINDOWS\SYSTEM32\bcrypt.dll
0x00007ff9d6910000 - 0x00007ff9d691c000 	C:\WINDOWS\SYSTEM32\CRYPTBASE.dll
0x00007ff9cd6f0000 - 0x00007ff9cd709000 	C:\WINDOWS\SYSTEM32\dhcpcsvc6.DLL
0x00007ff9cd620000 - 0x00007ff9cd63f000 	C:\WINDOWS\SYSTEM32\dhcpcsvc.DLL
0x00007ff9a92f0000 - 0x00007ff9a9307000 	C:\WINDOWS\system32\napinsp.dll
0x00007ff9a9170000 - 0x00007ff9a918b000 	C:\WINDOWS\system32\pnrpnsp.dll
0x00007ff9a9150000 - 0x00007ff9a9161000 	C:\WINDOWS\System32\winrnr.dll
0x00007ff9a9130000 - 0x00007ff9a9145000 	C:\WINDOWS\system32\wshbth.dll
0x00007ff9a9100000 - 0x00007ff9a9121000 	C:\WINDOWS\system32\nlansp_c.dll

dbghelp: loaded successfully - version: 4.0.5 - missing functions: none
symbol engine: initialized successfully - sym options: 0x614 - pdb path: .;C:\Users\Juned Raghib\.jdks\jbrsdk_jcef-17.0.7\bin;C:\WINDOWS\SYSTEM32;C:\WINDOWS\WinSxS\amd64_microsoft.windows.common-controls_6595b64144ccf1df_6.0.22621.2361_none_2712ced57382f843;C:\Users\Juned Raghib\.jdks\jbrsdk_jcef-17.0.7\bin\server

VM Arguments:
jvm_args: -agentlib:jdwp=transport=dt_socket,address=127.0.0.1:63918,suspend=y,server=n -XX:TieredStopAtLevel=1 -Dspring.output.ansi.enabled=always -Dcom.sun.management.jmxremote -Dspring.jmx.enabled=true -Dspring.liveBeansView.mbeanDomain -Dspring.application.admin.enabled=true -Dmanagement.endpoints.jmx.exposure.include=* -javaagent:C:\Users\JUNEDR~1\AppData\Local\Temp\captureAgent1jars\debugger-agent.jar -Dfile.encoding=UTF-8 
java_command: com.springproject.blog.BlogAppApisApplication
java_class_path (initial): C:\Users\Juned Raghib\IdeaProjects\Blog-app-Apis\target\classes;C:\Users\Juned Raghib\.m2\repository\org\springframework\boot\spring-boot-starter-data-jpa\3.1.2\spring-boot-starter-data-jpa-3.1.2.jar;C:\Users\Juned Raghib\.m2\repository\org\springframework\boot\spring-boot-starter-aop\3.1.2\spring-boot-starter-aop-3.1.2.jar;C:\Users\Juned Raghib\.m2\repository\org\aspectj\aspectjweaver\1.9.19\aspectjweaver-1.9.19.jar;C:\Users\Juned Raghib\.m2\repository\org\springframework\boot\spring-boot-starter-jdbc\3.1.2\spring-boot-starter-jdbc-3.1.2.jar;C:\Users\Juned Raghib\.m2\repository\com\zaxxer\HikariCP\5.0.1\HikariCP-5.0.1.jar;C:\Users\Juned Raghib\.m2\repository\org\springframework\spring-jdbc\6.0.11\spring-jdbc-6.0.11.jar;C:\Users\Juned Raghib\.m2\repository\org\hibernate\orm\hibernate-core\6.2.6.Final\hibernate-core-6.2.6.Final.jar;C:\Users\Juned Raghib\.m2\repository\jakarta\persistence\jakarta.persistence-api\3.1.0\jakarta.persistence-api-3.1.0.jar;C:\Users\Juned Raghib\.m2\repository\jakarta\transaction\jakarta.transaction-api\2.0.1\jakarta.transaction-api-2.0.1.jar;C:\Users\Juned Raghib\.m2\repository\org\jboss\logging\jboss-logging\3.5.3.Final\jboss-logging-3.5.3.Final.jar;C:\Users\Juned Raghib\.m2\repository\org\hibernate\common\hibernate-commons-annotations\6.0.6.Final\hibernate-commons-annotations-6.0.6.Final.jar;C:\Users\Juned Raghib\.m2\repository\io\smallrye\jandex\3.0.5\jandex-3.0.5.jar;C:\Users\Juned Raghib\.m2\repository\com\fasterxml\classmate\1.5.1\classmate-1.5.1.jar;C:\Users\Juned Raghib\.m2\repository\net\bytebuddy\byte-buddy\1.14.5\byte-buddy-1.14.5.jar;C:\Users\Juned Raghib\.m2\repository\org\glassfish\jaxb\jaxb-runtime\4.0.3\jaxb-runtime-4.0.3.jar;C:\Users\Juned Raghib\.m2\repository\org\glassfish\jaxb\jaxb-core\4.0.3\jaxb-core-4.0.3.jar;C:\Users\Juned Raghib\.m2\repository\org\eclipse\angus\angus-activation\2.0.1\angus-activation-2.0.1.jar;C:\Users\Juned Raghib\.m2\repository\org\glassfish\jaxb\txw2\4.0.3\txw2-4.0.3
Launcher Type: SUN_STANDARD

[Global flags]
     intx CICompilerCount                          = 4                                         {product} {ergonomic}
     uint ConcGCThreads                            = 2                                         {product} {ergonomic}
     uint G1ConcRefinementThreads                  = 8                                         {product} {ergonomic}
   size_t G1HeapRegionSize                         = 1048576                                   {product} {ergonomic}
    uintx GCDrainStackTargetSize                   = 64                                        {product} {ergonomic}
   size_t InitialHeapSize                          = 132120576                                 {product} {ergonomic}
     bool ManagementServer                         = true                                      {product} {command line}
   size_t MarkStackSize                            = 4194304                                   {product} {ergonomic}
   size_t MaxHeapSize                              = 2103443456                                {product} {ergonomic}
   size_t MaxNewSize                               = 1261436928                                {product} {ergonomic}
   size_t MinHeapDeltaBytes                        = 1048576                                   {product} {ergonomic}
   size_t MinHeapSize                              = 8388608                                   {product} {ergonomic}
    uintx NonProfiledCodeHeapSize                  = 0                                      {pd product} {ergonomic}
     bool ProfileInterpreter                       = false                                  {pd product} {command line}
    uintx ProfiledCodeHeapSize                     = 0                                      {pd product} {ergonomic}
   size_t SoftMaxHeapSize                          = 2103443456                             {manageable} {ergonomic}
     intx TieredStopAtLevel                        = 1                                         {product} {command line}
     bool UseCompressedClassPointers               = true                           {product lp64_product} {ergonomic}
     bool UseCompressedOops                        = true                           {product lp64_product} {ergonomic}
     bool UseG1GC                                  = true                                      {product} {ergonomic}
     bool UseLargePagesIndividualAllocation        = false                                  {pd product} {ergonomic}

Logging:
Log output configuration:
 #0: stdout all=warning uptime,level,tags
 #1: stderr all=off uptime,level,tags

Environment Variables:
JAVA_HOME=C:\Program Files\Java\jdk-11.0.13
CLASSPATH=C:\Users\Juned Raghib\Downloads\json-simple-1.1.1.jar
PATH=C:\Program Files\Common Files\Oracle\Java\javapath;C:\Python38\Scripts\;C:\Python38\;D:\app\JunedRaghib\product\12.2.0\dbhome_1\bin;C:\Program Files (x86)\Common Files\Oracle\Java\javapath;D:\Oracle\oracledbsoftware\bin;D:\Maven\apache-maven-3.6.3\bin;C:\Program Files\Java\jdk-11.0.13\bin;C:\ProgramData\chocolatey\bin;C:\WINDOWS\system32;C:\WINDOWS;C:\WINDOWS\System32\Wbem;C:\WINDOWS\System32\WindowsPowerShell\v1.0\;C:\WINDOWS\System32\OpenSSH\;C:\TDM-GCC-64\bin;C:\MinGW\bin;D:\Git\cmd;C:\Program Files\Microchip\xc8\v2.36\bin;C:\Program Files\nodejs\;C:\Program Files\Cloudflare\Cloudflare WARP\;C:\Program Files\MySQL\MySQL Shell 8.0\bin\;C:\Users\Juned Raghib\AppData\Local\Programs\Python\Python38-32\Scripts\;C:\Users\Juned Raghib\AppData\Local\Programs\Python\Python38-32\;C:\Users\Juned Raghib\AppData\Local\Microsoft\WindowsApps;D:\VSCode\Microsoft VS Code\bin;D:\WebStorm\WebStorm 2020.2.1\bin;;D:\IntelliJIDEA\IntelliJ IDEA Educational Edition 2020.2\bin;;D:\PyCharm\PyCharm 2020.2\bin;;D:\IntelliJIDEA\IntelliJ IDEA 2020.2.1\bin;;D:\DataGrid\DataGrip 2020.2.2\bin;;C:\Program Files\heroku\bin;C:\MinGW\bin;C:\msys64\mingw64\bin;C:\msys64\usr\bin;C:\xampp\mysql\bin;C:\Users\Juned Raghib\AppData\Roaming\npm;
USERNAME=Juned Raghib
OS=Windows_NT
PROCESSOR_IDENTIFIER=Intel64 Family 6 Model 142 Stepping 12, GenuineIntel
TMP=C:\Users\JUNEDR~1\AppData\Local\Temp
TEMP=C:\Users\JUNEDR~1\AppData\Local\Temp


JNI global refs:
JNI global refs: 45, weak refs: 2157

JNI global refs memory usage: 1539, weak refs: 22145

OOME stack traces (most recent first):
Classloader memory used:
